{
"contracts\\exchange.sol":{"l":{"37":1,"38":1,"39":1,"40":1,"41":1,"42":1,"44":1,"45":1,"46":1,"47":1,"51":1,"52":1,"53":1,"57":0,"65":2,"66":2,"69":2,"70":2,"73":2,"74":2,"75":2,"78":2,"79":2,"80":2,"83":2,"86":2,"87":2,"88":2,"89":2,"90":2,"93":2,"94":1,"96":2,"97":2,"100":2,"101":2,"102":0,"112":1,"113":1,"114":1,"115":1,"118":1,"119":1,"120":1,"123":1,"124":1,"125":1,"128":1,"129":1,"130":1,"131":1,"134":1,"135":1,"136":1,"139":1,"140":1,"141":1,"142":0,"143":0,"144":0,"145":0,"151":1,"152":1,"160":1,"161":1,"162":1,"165":1,"166":1,"167":1,"170":1,"171":1,"172":1,"174":1,"175":1,"176":1,"177":1,"180":1,"181":1,"182":1,"184":1,"185":1,"186":1,"187":1,"188":1,"189":1,"194":1,"195":1,"203":1,"204":1,"207":1,"208":1,"211":1,"212":1,"213":1,"216":1,"217":1,"220":1,"221":1,"222":1,"225":1,"226":1,"234":0,"235":0,"238":0,"239":0,"242":0,"243":0,"244":0,"247":0,"248":0,"251":0,"252":0,"253":0,"256":0},"path":"C:\\Users\\User\\Desktop\\STU\\4 semester\\DMBLOCK\\zadanie2\\contracts\\exchange.sol","s":{"1":1,"2":1,"3":1,"4":1,"5":1,"6":1,"7":1,"8":1,"9":1,"10":0,"11":2,"12":2,"13":2,"14":2,"15":2,"16":2,"17":2,"18":2,"19":2,"20":2,"21":2,"22":2,"23":2,"24":2,"25":1,"26":2,"27":2,"28":1,"29":1,"30":1,"31":1,"32":1,"33":1,"34":1,"35":1,"36":1,"37":1,"38":1,"39":1,"40":1,"41":1,"42":1,"43":0,"44":0,"45":0,"46":1,"47":1,"48":1,"49":1,"50":1,"51":1,"52":1,"53":1,"54":1,"55":1,"56":1,"57":1,"58":1,"59":1,"60":1,"61":1,"62":1,"63":1,"64":1,"65":1,"66":1,"67":1,"68":1,"69":1,"70":1,"71":1,"72":1,"73":1,"74":1,"75":1,"76":0,"77":0,"78":0,"79":0,"80":0,"81":0,"82":0,"83":0,"84":0},"b":{"1":[1,0],"2":[1,0],"3":[1,0],"4":[1,0],"5":[1,0],"6":[1,0],"7":[1,0],"8":[2,0],"9":[2,0],"10":[2,0],"11":[2,0],"12":[2,0],"13":[2,0],"14":[1,1],"15":[0,2],"16":[1,0],"17":[1,0],"18":[1,0],"19":[1,0],"20":[1,0],"21":[1,0],"22":[1,0],"23":[1,0],"24":[1,0],"25":[1,0],"26":[0,1],"27":[0,0],"28":[1,0],"29":[1,0],"30":[1,0],"31":[1,0],"32":[1,0],"33":[1,0],"34":[1,0],"35":[1,0],"36":[1,0],"37":[1,0],"38":[1,0],"39":[1,0],"40":[1,0],"41":[1,0],"42":[1,0],"43":[0,0],"44":[0,0],"45":[0,0],"46":[0,0],"47":[0,0]},"f":{"1":3,"2":1,"3":1,"4":0,"5":2,"6":1,"7":1,"8":1,"9":0},"fnMap":{"1":{"name":"constructor","line":34,"loc":{"start":{"line":34,"column":4},"end":{"line":34,"column":19}}},"2":{"name":"createPool","line":36,"loc":{"start":{"line":36,"column":4},"end":{"line":48,"column":4}}},"3":{"name":"removeLP","line":50,"loc":{"start":{"line":50,"column":4},"end":{"line":54,"column":4}}},"4":{"name":"getSwapFee","line":56,"loc":{"start":{"line":56,"column":4},"end":{"line":58,"column":4}}},"5":{"name":"addLiquidity","line":61,"loc":{"start":{"line":61,"column":4},"end":{"line":105,"column":4}}},"6":{"name":"removeLiquidity","line":108,"loc":{"start":{"line":108,"column":4},"end":{"line":153,"column":4}}},"7":{"name":"removeAllLiquidity","line":156,"loc":{"start":{"line":156,"column":4},"end":{"line":196,"column":4}}},"8":{"name":"swapTokensForETH","line":199,"loc":{"start":{"line":199,"column":4},"end":{"line":227,"column":4}}},"9":{"name":"swapETHForTokens","line":230,"loc":{"start":{"line":230,"column":4},"end":{"line":257,"column":4}}}},"statementMap":{"1":{"start":{"line":37,"column":8},"end":{"line":37,"column":63}},"2":{"start":{"line":38,"column":8},"end":{"line":38,"column":60}},"3":{"start":{"line":39,"column":8},"end":{"line":39,"column":57}},"4":{"start":{"line":40,"column":8},"end":{"line":40,"column":54}},"5":{"start":{"line":41,"column":8},"end":{"line":41,"column":88}},"6":{"start":{"line":42,"column":8},"end":{"line":42,"column":63}},"7":{"start":{"line":44,"column":8},"end":{"line":44,"column":66}},"8":{"start":{"line":51,"column":8},"end":{"line":51,"column":95}},"9":{"start":{"line":53,"column":8},"end":{"line":53,"column":25}},"10":{"start":{"line":57,"column":8},"end":{"line":57,"column":57}},"11":{"start":{"line":65,"column":8},"end":{"line":65,"column":49}},"12":{"start":{"line":66,"column":8},"end":{"line":66,"column":78}},"13":{"start":{"line":69,"column":8},"end":{"line":69,"column":72}},"14":{"start":{"line":70,"column":8},"end":{"line":70,"column":62}},"15":{"start":{"line":73,"column":8},"end":{"line":73,"column":66}},"16":{"start":{"line":74,"column":8},"end":{"line":74,"column":75}},"17":{"start":{"line":75,"column":8},"end":{"line":75,"column":74}},"18":{"start":{"line":78,"column":8},"end":{"line":78,"column":53}},"19":{"start":{"line":79,"column":8},"end":{"line":79,"column":68}},"20":{"start":{"line":80,"column":8},"end":{"line":80,"column":44}},"21":{"start":{"line":83,"column":8},"end":{"line":83,"column":67}},"22":{"start":{"line":89,"column":8},"end":{"line":89,"column":114}},"23":{"start":{"line":90,"column":8},"end":{"line":90,"column":50}},"24":{"start":{"line":93,"column":8},"end":{"line":93,"column":3545}},"25":{"start":{"line":94,"column":12},"end":{"line":94,"column":40}},"26":{"start":{"line":100,"column":8},"end":{"line":100,"column":3752}},"27":{"start":{"line":101,"column":12},"end":{"line":101,"column":3818}},"28":{"start":{"line":112,"column":8},"end":{"line":112,"column":56}},"29":{"start":{"line":113,"column":8},"end":{"line":113,"column":60}},"30":{"start":{"line":114,"column":8},"end":{"line":114,"column":69}},"31":{"start":{"line":115,"column":8},"end":{"line":115,"column":65}},"32":{"start":{"line":118,"column":8},"end":{"line":118,"column":66}},"33":{"start":{"line":119,"column":8},"end":{"line":119,"column":75}},"34":{"start":{"line":120,"column":8},"end":{"line":120,"column":74}},"35":{"start":{"line":123,"column":8},"end":{"line":123,"column":41}},"36":{"start":{"line":124,"column":8},"end":{"line":124,"column":72}},"37":{"start":{"line":125,"column":8},"end":{"line":125,"column":72}},"38":{"start":{"line":128,"column":8},"end":{"line":128,"column":75}},"39":{"start":{"line":129,"column":8},"end":{"line":129,"column":65}},"40":{"start":{"line":130,"column":8},"end":{"line":130,"column":85}},"41":{"start":{"line":131,"column":8},"end":{"line":131,"column":74}},"42":{"start":{"line":141,"column":8},"end":{"line":141,"column":5613}},"43":{"start":{"line":142,"column":12},"end":{"line":142,"column":5658}},"44":{"start":{"line":143,"column":16},"end":{"line":143,"column":5728}},"45":{"start":{"line":144,"column":20},"end":{"line":144,"column":30}},"46":{"start":{"line":151,"column":8},"end":{"line":151,"column":51}},"47":{"start":{"line":152,"column":8},"end":{"line":152,"column":46}},"48":{"start":{"line":160,"column":8},"end":{"line":160,"column":60}},"49":{"start":{"line":161,"column":8},"end":{"line":161,"column":61}},"50":{"start":{"line":162,"column":8},"end":{"line":162,"column":65}},"51":{"start":{"line":165,"column":8},"end":{"line":165,"column":66}},"52":{"start":{"line":166,"column":8},"end":{"line":166,"column":75}},"53":{"start":{"line":167,"column":8},"end":{"line":167,"column":74}},"54":{"start":{"line":170,"column":8},"end":{"line":170,"column":41}},"55":{"start":{"line":171,"column":8},"end":{"line":171,"column":72}},"56":{"start":{"line":172,"column":8},"end":{"line":172,"column":81}},"57":{"start":{"line":174,"column":8},"end":{"line":174,"column":51}},"58":{"start":{"line":175,"column":8},"end":{"line":175,"column":61}},"59":{"start":{"line":176,"column":8},"end":{"line":176,"column":74}},"60":{"start":{"line":177,"column":8},"end":{"line":177,"column":85}},"61":{"start":{"line":186,"column":8},"end":{"line":186,"column":7423}},"62":{"start":{"line":187,"column":12},"end":{"line":187,"column":7489}},"63":{"start":{"line":188,"column":16},"end":{"line":188,"column":26}},"64":{"start":{"line":194,"column":8},"end":{"line":194,"column":51}},"65":{"start":{"line":195,"column":8},"end":{"line":195,"column":46}},"66":{"start":{"line":203,"column":8},"end":{"line":203,"column":55}},"67":{"start":{"line":204,"column":8},"end":{"line":204,"column":61}},"68":{"start":{"line":207,"column":8},"end":{"line":207,"column":66}},"69":{"start":{"line":208,"column":8},"end":{"line":208,"column":75}},"70":{"start":{"line":211,"column":8},"end":{"line":211,"column":90}},"71":{"start":{"line":212,"column":8},"end":{"line":212,"column":58}},"72":{"start":{"line":213,"column":8},"end":{"line":213,"column":76}},"73":{"start":{"line":216,"column":8},"end":{"line":216,"column":76}},"74":{"start":{"line":225,"column":8},"end":{"line":225,"column":66}},"75":{"start":{"line":226,"column":8},"end":{"line":226,"column":48}},"76":{"start":{"line":234,"column":8},"end":{"line":234,"column":49}},"77":{"start":{"line":235,"column":8},"end":{"line":235,"column":65}},"78":{"start":{"line":238,"column":8},"end":{"line":238,"column":66}},"79":{"start":{"line":239,"column":8},"end":{"line":239,"column":75}},"80":{"start":{"line":242,"column":8},"end":{"line":242,"column":87}},"81":{"start":{"line":243,"column":8},"end":{"line":243,"column":63}},"82":{"start":{"line":244,"column":8},"end":{"line":244,"column":83}},"83":{"start":{"line":247,"column":8},"end":{"line":247,"column":79}},"84":{"start":{"line":256,"column":8},"end":{"line":256,"column":49}}},"branchMap":{"1":{"line":36,"type":"if","locations":[{"start":{"line":36,"column":60},"end":{"line":36,"column":60}},{"start":{"line":36,"column":60},"end":{"line":36,"column":60}}]},"2":{"line":37,"type":"if","locations":[{"start":{"line":37,"column":8},"end":{"line":37,"column":8}},{"start":{"line":37,"column":8},"end":{"line":37,"column":8}}]},"3":{"line":38,"type":"if","locations":[{"start":{"line":38,"column":8},"end":{"line":38,"column":8}},{"start":{"line":38,"column":8},"end":{"line":38,"column":8}}]},"4":{"line":39,"type":"if","locations":[{"start":{"line":39,"column":8},"end":{"line":39,"column":8}},{"start":{"line":39,"column":8},"end":{"line":39,"column":8}}]},"5":{"line":41,"type":"if","locations":[{"start":{"line":41,"column":8},"end":{"line":41,"column":8}},{"start":{"line":41,"column":8},"end":{"line":41,"column":8}}]},"6":{"line":42,"type":"if","locations":[{"start":{"line":42,"column":8},"end":{"line":42,"column":8}},{"start":{"line":42,"column":8},"end":{"line":42,"column":8}}]},"7":{"line":51,"type":"if","locations":[{"start":{"line":51,"column":8},"end":{"line":51,"column":8}},{"start":{"line":51,"column":8},"end":{"line":51,"column":8}}]},"8":{"line":65,"type":"if","locations":[{"start":{"line":65,"column":8},"end":{"line":65,"column":8}},{"start":{"line":65,"column":8},"end":{"line":65,"column":8}}]},"9":{"line":66,"type":"if","locations":[{"start":{"line":66,"column":8},"end":{"line":66,"column":8}},{"start":{"line":66,"column":8},"end":{"line":66,"column":8}}]},"10":{"line":70,"type":"if","locations":[{"start":{"line":70,"column":8},"end":{"line":70,"column":8}},{"start":{"line":70,"column":8},"end":{"line":70,"column":8}}]},"11":{"line":74,"type":"if","locations":[{"start":{"line":74,"column":8},"end":{"line":74,"column":8}},{"start":{"line":74,"column":8},"end":{"line":74,"column":8}}]},"12":{"line":75,"type":"if","locations":[{"start":{"line":75,"column":8},"end":{"line":75,"column":8}},{"start":{"line":75,"column":8},"end":{"line":75,"column":8}}]},"13":{"line":80,"type":"if","locations":[{"start":{"line":80,"column":8},"end":{"line":80,"column":8}},{"start":{"line":80,"column":8},"end":{"line":80,"column":8}}]},"14":{"line":93,"type":"if","locations":[{"start":{"line":93,"column":8},"end":{"line":93,"column":8}},{"start":{"line":93,"column":8},"end":{"line":93,"column":8}}]},"15":{"line":101,"type":"if","locations":[{"start":{"line":101,"column":12},"end":{"line":101,"column":12}},{"start":{"line":101,"column":12},"end":{"line":101,"column":12}}]},"16":{"line":112,"type":"if","locations":[{"start":{"line":112,"column":8},"end":{"line":112,"column":8}},{"start":{"line":112,"column":8},"end":{"line":112,"column":8}}]},"17":{"line":113,"type":"if","locations":[{"start":{"line":113,"column":8},"end":{"line":113,"column":8}},{"start":{"line":113,"column":8},"end":{"line":113,"column":8}}]},"18":{"line":114,"type":"if","locations":[{"start":{"line":114,"column":8},"end":{"line":114,"column":8}},{"start":{"line":114,"column":8},"end":{"line":114,"column":8}}]},"19":{"line":115,"type":"if","locations":[{"start":{"line":115,"column":8},"end":{"line":115,"column":8}},{"start":{"line":115,"column":8},"end":{"line":115,"column":8}}]},"20":{"line":119,"type":"if","locations":[{"start":{"line":119,"column":8},"end":{"line":119,"column":8}},{"start":{"line":119,"column":8},"end":{"line":119,"column":8}}]},"21":{"line":120,"type":"if","locations":[{"start":{"line":120,"column":8},"end":{"line":120,"column":8}},{"start":{"line":120,"column":8},"end":{"line":120,"column":8}}]},"22":{"line":125,"type":"if","locations":[{"start":{"line":125,"column":8},"end":{"line":125,"column":8}},{"start":{"line":125,"column":8},"end":{"line":125,"column":8}}]},"23":{"line":129,"type":"if","locations":[{"start":{"line":129,"column":8},"end":{"line":129,"column":8}},{"start":{"line":129,"column":8},"end":{"line":129,"column":8}}]},"24":{"line":130,"type":"if","locations":[{"start":{"line":130,"column":8},"end":{"line":130,"column":8}},{"start":{"line":130,"column":8},"end":{"line":130,"column":8}}]},"25":{"line":131,"type":"if","locations":[{"start":{"line":131,"column":8},"end":{"line":131,"column":8}},{"start":{"line":131,"column":8},"end":{"line":131,"column":8}}]},"26":{"line":141,"type":"if","locations":[{"start":{"line":141,"column":8},"end":{"line":141,"column":8}},{"start":{"line":141,"column":8},"end":{"line":141,"column":8}}]},"27":{"line":143,"type":"if","locations":[{"start":{"line":143,"column":16},"end":{"line":143,"column":16}},{"start":{"line":143,"column":16},"end":{"line":143,"column":16}}]},"28":{"line":160,"type":"if","locations":[{"start":{"line":160,"column":8},"end":{"line":160,"column":8}},{"start":{"line":160,"column":8},"end":{"line":160,"column":8}}]},"29":{"line":161,"type":"if","locations":[{"start":{"line":161,"column":8},"end":{"line":161,"column":8}},{"start":{"line":161,"column":8},"end":{"line":161,"column":8}}]},"30":{"line":162,"type":"if","locations":[{"start":{"line":162,"column":8},"end":{"line":162,"column":8}},{"start":{"line":162,"column":8},"end":{"line":162,"column":8}}]},"31":{"line":166,"type":"if","locations":[{"start":{"line":166,"column":8},"end":{"line":166,"column":8}},{"start":{"line":166,"column":8},"end":{"line":166,"column":8}}]},"32":{"line":167,"type":"if","locations":[{"start":{"line":167,"column":8},"end":{"line":167,"column":8}},{"start":{"line":167,"column":8},"end":{"line":167,"column":8}}]},"33":{"line":174,"type":"if","locations":[{"start":{"line":174,"column":8},"end":{"line":174,"column":8}},{"start":{"line":174,"column":8},"end":{"line":174,"column":8}}]},"34":{"line":175,"type":"if","locations":[{"start":{"line":175,"column":8},"end":{"line":175,"column":8}},{"start":{"line":175,"column":8},"end":{"line":175,"column":8}}]},"35":{"line":176,"type":"if","locations":[{"start":{"line":176,"column":8},"end":{"line":176,"column":8}},{"start":{"line":176,"column":8},"end":{"line":176,"column":8}}]},"36":{"line":177,"type":"if","locations":[{"start":{"line":177,"column":8},"end":{"line":177,"column":8}},{"start":{"line":177,"column":8},"end":{"line":177,"column":8}}]},"37":{"line":187,"type":"if","locations":[{"start":{"line":187,"column":12},"end":{"line":187,"column":12}},{"start":{"line":187,"column":12},"end":{"line":187,"column":12}}]},"38":{"line":203,"type":"if","locations":[{"start":{"line":203,"column":8},"end":{"line":203,"column":8}},{"start":{"line":203,"column":8},"end":{"line":203,"column":8}}]},"39":{"line":204,"type":"if","locations":[{"start":{"line":204,"column":8},"end":{"line":204,"column":8}},{"start":{"line":204,"column":8},"end":{"line":204,"column":8}}]},"40":{"line":208,"type":"if","locations":[{"start":{"line":208,"column":8},"end":{"line":208,"column":8}},{"start":{"line":208,"column":8},"end":{"line":208,"column":8}}]},"41":{"line":212,"type":"if","locations":[{"start":{"line":212,"column":8},"end":{"line":212,"column":8}},{"start":{"line":212,"column":8},"end":{"line":212,"column":8}}]},"42":{"line":213,"type":"if","locations":[{"start":{"line":213,"column":8},"end":{"line":213,"column":8}},{"start":{"line":213,"column":8},"end":{"line":213,"column":8}}]},"43":{"line":234,"type":"if","locations":[{"start":{"line":234,"column":8},"end":{"line":234,"column":8}},{"start":{"line":234,"column":8},"end":{"line":234,"column":8}}]},"44":{"line":235,"type":"if","locations":[{"start":{"line":235,"column":8},"end":{"line":235,"column":8}},{"start":{"line":235,"column":8},"end":{"line":235,"column":8}}]},"45":{"line":239,"type":"if","locations":[{"start":{"line":239,"column":8},"end":{"line":239,"column":8}},{"start":{"line":239,"column":8},"end":{"line":239,"column":8}}]},"46":{"line":243,"type":"if","locations":[{"start":{"line":243,"column":8},"end":{"line":243,"column":8}},{"start":{"line":243,"column":8},"end":{"line":243,"column":8}}]},"47":{"line":244,"type":"if","locations":[{"start":{"line":244,"column":8},"end":{"line":244,"column":8}},{"start":{"line":244,"column":8},"end":{"line":244,"column":8}}]}}},
"contracts\\interfaces\\IERC20.sol":{"l":{},"path":"C:\\Users\\User\\Desktop\\STU\\4 semester\\DMBLOCK\\zadanie2\\contracts\\interfaces\\IERC20.sol","s":{},"b":{},"f":{},"fnMap":{},"statementMap":{},"branchMap":{}},
"contracts\\Lock.sol":{"l":{"14":0,"19":0,"20":0,"27":0,"28":0,"30":0,"32":0},"path":"C:\\Users\\User\\Desktop\\STU\\4 semester\\DMBLOCK\\zadanie2\\contracts\\Lock.sol","s":{"1":0,"2":0,"3":0,"4":0,"5":0},"b":{"1":[0,0],"2":[0,0],"3":[0,0]},"f":{"1":0,"2":0},"fnMap":{"1":{"name":"constructor","line":13,"loc":{"start":{"line":13,"column":4},"end":{"line":21,"column":4}}},"2":{"name":"withdraw","line":23,"loc":{"start":{"line":23,"column":4},"end":{"line":33,"column":4}}}},"statementMap":{"1":{"start":{"line":14,"column":8},"end":{"line":14,"column":327}},"2":{"start":{"line":27,"column":8},"end":{"line":27,"column":71}},"3":{"start":{"line":28,"column":8},"end":{"line":28,"column":59}},"4":{"start":{"line":30,"column":8},"end":{"line":30,"column":63}},"5":{"start":{"line":32,"column":8},"end":{"line":32,"column":44}}},"branchMap":{"1":{"line":14,"type":"if","locations":[{"start":{"line":14,"column":8},"end":{"line":14,"column":8}},{"start":{"line":14,"column":8},"end":{"line":14,"column":8}}]},"2":{"line":27,"type":"if","locations":[{"start":{"line":27,"column":8},"end":{"line":27,"column":8}},{"start":{"line":27,"column":8},"end":{"line":27,"column":8}}]},"3":{"line":28,"type":"if","locations":[{"start":{"line":28,"column":8},"end":{"line":28,"column":8}},{"start":{"line":28,"column":8},"end":{"line":28,"column":8}}]}}},
"contracts\\token.sol":{"l":{"16":3,"30":1,"31":1,"42":0},"path":"C:\\Users\\User\\Desktop\\STU\\4 semester\\DMBLOCK\\zadanie2\\contracts\\token.sol","s":{"1":1,"2":1},"b":{"1":[1,0],"2":[1,0],"3":[0,0]},"f":{"1":3,"2":1,"3":0},"fnMap":{"1":{"name":"constructor","line":15,"loc":{"start":{"line":15,"column":4},"end":{"line":17,"column":4}}},"2":{"name":"mint","line":28,"loc":{"start":{"line":26,"column":4},"end":{"line":33,"column":4}}},"3":{"name":"disable_mint","line":40,"loc":{"start":{"line":38,"column":4},"end":{"line":44,"column":4}}}},"statementMap":{"1":{"start":{"line":30,"column":8},"end":{"line":30,"column":55}},"2":{"start":{"line":31,"column":8},"end":{"line":31,"column":32}}},"branchMap":{"1":{"line":28,"type":"if","locations":[{"start":{"line":28,"column":8},"end":{"line":28,"column":8}},{"start":{"line":28,"column":8},"end":{"line":28,"column":8}}]},"2":{"line":30,"type":"if","locations":[{"start":{"line":30,"column":8},"end":{"line":30,"column":8}},{"start":{"line":30,"column":8},"end":{"line":30,"column":8}}]},"3":{"line":40,"type":"if","locations":[{"start":{"line":40,"column":8},"end":{"line":40,"column":8}},{"start":{"line":40,"column":8},"end":{"line":40,"column":8}}]}}}}
