TN:
SF:C:\Users\User\Desktop\STU\4 semester\DMBLOCK\zadanie2\contracts\exchange.sol
FN:34,constructor
FN:36,createPool
FN:50,removeLP
FN:56,getSwapFee
FN:61,addLiquidity
FN:108,removeLiquidity
FN:156,removeAllLiquidity
FN:199,swapTokensForETH
FN:230,swapETHForTokens
FNF:9
FNH:7
FNDA:3,constructor
FNDA:1,createPool
FNDA:1,removeLP
FNDA:0,getSwapFee
FNDA:2,addLiquidity
FNDA:1,removeLiquidity
FNDA:1,removeAllLiquidity
FNDA:1,swapTokensForETH
FNDA:0,swapETHForTokens
DA:37,1
DA:38,1
DA:39,1
DA:40,1
DA:41,1
DA:42,1
DA:44,1
DA:45,1
DA:46,1
DA:47,1
DA:51,1
DA:52,1
DA:53,1
DA:57,0
DA:65,2
DA:66,2
DA:69,2
DA:70,2
DA:73,2
DA:74,2
DA:75,2
DA:78,2
DA:79,2
DA:80,2
DA:83,2
DA:86,2
DA:87,2
DA:88,2
DA:89,2
DA:90,2
DA:93,2
DA:94,1
DA:96,2
DA:97,2
DA:100,2
DA:101,2
DA:102,0
DA:112,1
DA:113,1
DA:114,1
DA:115,1
DA:118,1
DA:119,1
DA:120,1
DA:123,1
DA:124,1
DA:125,1
DA:128,1
DA:129,1
DA:130,1
DA:131,1
DA:134,1
DA:135,1
DA:136,1
DA:139,1
DA:140,1
DA:141,1
DA:142,0
DA:143,0
DA:144,0
DA:145,0
DA:151,1
DA:152,1
DA:160,1
DA:161,1
DA:162,1
DA:165,1
DA:166,1
DA:167,1
DA:170,1
DA:171,1
DA:172,1
DA:174,1
DA:175,1
DA:176,1
DA:177,1
DA:180,1
DA:181,1
DA:182,1
DA:184,1
DA:185,1
DA:186,1
DA:187,1
DA:188,1
DA:189,1
DA:194,1
DA:195,1
DA:203,1
DA:204,1
DA:207,1
DA:208,1
DA:211,1
DA:212,1
DA:213,1
DA:216,1
DA:217,1
DA:220,1
DA:221,1
DA:222,1
DA:225,1
DA:226,1
DA:234,0
DA:235,0
DA:238,0
DA:239,0
DA:242,0
DA:243,0
DA:244,0
DA:247,0
DA:248,0
DA:251,0
DA:252,0
DA:253,0
DA:256,0
LF:114
LH:95
BRDA:36,1,0,1
BRDA:36,1,1,0
BRDA:37,2,0,1
BRDA:37,2,1,0
BRDA:38,3,0,1
BRDA:38,3,1,0
BRDA:39,4,0,1
BRDA:39,4,1,0
BRDA:41,5,0,1
BRDA:41,5,1,0
BRDA:42,6,0,1
BRDA:42,6,1,0
BRDA:51,7,0,1
BRDA:51,7,1,0
BRDA:65,8,0,2
BRDA:65,8,1,0
BRDA:66,9,0,2
BRDA:66,9,1,0
BRDA:70,10,0,2
BRDA:70,10,1,0
BRDA:74,11,0,2
BRDA:74,11,1,0
BRDA:75,12,0,2
BRDA:75,12,1,0
BRDA:80,13,0,2
BRDA:80,13,1,0
BRDA:93,14,0,1
BRDA:93,14,1,1
BRDA:101,15,0,0
BRDA:101,15,1,2
BRDA:112,16,0,1
BRDA:112,16,1,0
BRDA:113,17,0,1
BRDA:113,17,1,0
BRDA:114,18,0,1
BRDA:114,18,1,0
BRDA:115,19,0,1
BRDA:115,19,1,0
BRDA:119,20,0,1
BRDA:119,20,1,0
BRDA:120,21,0,1
BRDA:120,21,1,0
BRDA:125,22,0,1
BRDA:125,22,1,0
BRDA:129,23,0,1
BRDA:129,23,1,0
BRDA:130,24,0,1
BRDA:130,24,1,0
BRDA:131,25,0,1
BRDA:131,25,1,0
BRDA:141,26,0,0
BRDA:141,26,1,1
BRDA:143,27,0,0
BRDA:143,27,1,0
BRDA:160,28,0,1
BRDA:160,28,1,0
BRDA:161,29,0,1
BRDA:161,29,1,0
BRDA:162,30,0,1
BRDA:162,30,1,0
BRDA:166,31,0,1
BRDA:166,31,1,0
BRDA:167,32,0,1
BRDA:167,32,1,0
BRDA:174,33,0,1
BRDA:174,33,1,0
BRDA:175,34,0,1
BRDA:175,34,1,0
BRDA:176,35,0,1
BRDA:176,35,1,0
BRDA:177,36,0,1
BRDA:177,36,1,0
BRDA:187,37,0,1
BRDA:187,37,1,0
BRDA:203,38,0,1
BRDA:203,38,1,0
BRDA:204,39,0,1
BRDA:204,39,1,0
BRDA:208,40,0,1
BRDA:208,40,1,0
BRDA:212,41,0,1
BRDA:212,41,1,0
BRDA:213,42,0,1
BRDA:213,42,1,0
BRDA:234,43,0,0
BRDA:234,43,1,0
BRDA:235,44,0,0
BRDA:235,44,1,0
BRDA:239,45,0,0
BRDA:239,45,1,0
BRDA:243,46,0,0
BRDA:243,46,1,0
BRDA:244,47,0,0
BRDA:244,47,1,0
BRF:94
BRH:42
end_of_record
TN:
SF:C:\Users\User\Desktop\STU\4 semester\DMBLOCK\zadanie2\contracts\interfaces\IERC20.sol
FNF:0
FNH:0
LF:0
LH:0
BRF:0
BRH:0
end_of_record
TN:
SF:C:\Users\User\Desktop\STU\4 semester\DMBLOCK\zadanie2\contracts\Lock.sol
FN:13,constructor
FN:23,withdraw
FNF:2
FNH:0
FNDA:0,constructor
FNDA:0,withdraw
DA:14,0
DA:19,0
DA:20,0
DA:27,0
DA:28,0
DA:30,0
DA:32,0
LF:7
LH:0
BRDA:14,1,0,0
BRDA:14,1,1,0
BRDA:27,2,0,0
BRDA:27,2,1,0
BRDA:28,3,0,0
BRDA:28,3,1,0
BRF:6
BRH:0
end_of_record
TN:
SF:C:\Users\User\Desktop\STU\4 semester\DMBLOCK\zadanie2\contracts\token.sol
FN:15,constructor
FN:28,mint
FN:40,disable_mint
FNF:3
FNH:2
FNDA:3,constructor
FNDA:1,mint
FNDA:0,disable_mint
DA:16,3
DA:30,1
DA:31,1
DA:42,0
LF:4
LH:3
BRDA:28,1,0,1
BRDA:28,1,1,0
BRDA:30,2,0,1
BRDA:30,2,1,0
BRDA:40,3,0,0
BRDA:40,3,1,0
BRF:6
BRH:2
end_of_record
